<?xml version="1.0" encoding="UTF-8"?>
<!-- Generated by org.testng.reporters.JUnitReportReporter -->
<testsuite hostname="LAPTOP-8UVMHU0T" failures="0" tests="2" name="RegistrationPage.Registration" time="3.411" errors="0" timestamp="2023-09-30T13:19:46 IST" skipped="0">
  <testcase classname="RegistrationPage.Registration" name="invalidEmail" time="1.737"/>
  <testcase classname="RegistrationPage.Registration" name="registrationSignIn" time="1.674"/>
</testsuite> <!-- RegistrationPage.Registration -->
